<?xml version="1.0" encoding="UTF-8"?>
<!-- Generated by org.testng.reporters.JUnitReportReporter -->
<testsuite hostname="DESKTOP-DJ4FDME" failures="0" tests="6" name="learnTestNG.TestScenario1" time="0.007" errors="0" timestamp="2023-10-14T06:10:26 IST" skipped="0">
  <testcase classname="learnTestNG.TestScenario1" name="forth_testcase" time="0.001"/>
  <testcase classname="learnTestNG.TestScenario1" name="fifth_testcase" time="0.001"/>
  <testcase classname="learnTestNG.TestScenario1" name="first_testcase" time="0.000"/>
  <testcase classname="learnTestNG.TestScenario1" name="second_testcase" time="0.001"/>
  <testcase classname="learnTestNG.TestScenario1" name="third_testcase" time="0.002"/>
  <testcase classname="learnTestNG.TestScenario1" name="sixth_testcase" time="0.002"/>
</testsuite> <!-- learnTestNG.TestScenario1 -->
