<?xml version="1.0" encoding="UTF-8"?>
<!-- Generated by org.testng.reporters.JUnitReportReporter -->
<testsuite hostname="DESKTOP-DJ4FDME" failures="0" tests="2" name="learnTestNG.TestScenario3" time="0.016" errors="0" timestamp="2023-10-14T06:28:30 IST" skipped="1">
  <testcase classname="learnTestNG.TestScenario3" name="fifth_testcase" time="0.016"/>
  <testcase classname="learnTestNG.TestScenario3" name="second_testcase">
    <skipped/>
  </testcase> <!-- second_testcase -->
</testsuite> <!-- learnTestNG.TestScenario3 -->
