<?xml version="1.0" encoding="UTF-8"?>
<!-- Generated by org.testng.reporters.JUnitReportReporter -->
<testsuite hostname="DESKTOP-DJ4FDME" failures="0" tests="1" name="learnTestNG.TestScenario4" time="0.004" errors="0" timestamp="2023-10-14T06:27:54 IST" skipped="0">
  <testcase classname="learnTestNG.TestScenario4" name="second_testcase" time="0.004"/>
</testsuite> <!-- learnTestNG.TestScenario4 -->
