<?xml version="1.0" encoding="UTF-8"?>
<!-- Generated by org.testng.reporters.JUnitReportReporter -->
<testsuite hostname="DESKTOP-DJ4FDME" failures="0" tests="4" name="org.xyz.automation.uo.KeyMouse" time="12.496" errors="0" timestamp="2023-10-28T06:16:23 IST" skipped="2">
  <testcase classname="org.xyz.automation.uo.KeyMouse" name="handleFrames" time="5.840"/>
  <testcase classname="org.xyz.automation.uo.KeyMouse" name="handleAlert" time="6.656"/>
  <testcase classname="org.xyz.automation.uo.KeyMouse" name="keyboardop">
    <skipped/>
  </testcase> <!-- keyboardop -->
  <testcase classname="org.xyz.automation.uo.KeyMouse" name="mouseop">
    <skipped/>
  </testcase> <!-- mouseop -->
</testsuite> <!-- org.xyz.automation.uo.KeyMouse -->
