<?xml version="1.0" encoding="UTF-8"?>
<!-- Generated by org.testng.reporters.JUnitReportReporter -->
<testsuite hostname="DESKTOP-DJ4FDME" failures="0" tests="6" name="learnTestNG.TestScenario6" time="0.006" errors="0" timestamp="2023-10-14T06:10:26 IST" skipped="0">
  <testcase classname="learnTestNG.TestScenario6" name="fifth_testcase" time="0.001"/>
  <testcase classname="learnTestNG.TestScenario6" name="forth_testcase" time="0.001"/>
  <testcase classname="learnTestNG.TestScenario6" name="first_testcase" time="0.001"/>
  <testcase classname="learnTestNG.TestScenario6" name="third_testcase" time="0.001"/>
  <testcase classname="learnTestNG.TestScenario6" name="sixth_testcase" time="0.002"/>
  <testcase classname="learnTestNG.TestScenario6" name="second_testcase" time="0.000"/>
</testsuite> <!-- learnTestNG.TestScenario6 -->
