<?xml version="1.0" encoding="UTF-8"?>
<!-- Generated by org.testng.reporters.JUnitReportReporter -->
<testsuite hostname="DESKTOP-DJ4FDME" failures="0" tests="1" name="org.wipro.automation.fb.testcases.LoginTestScenario" time="6.630" errors="0" timestamp="2023-10-31T06:27:00 IST" skipped="0">
  <testcase classname="org.wipro.automation.fb.testcases.LoginTestScenario" name="loginFunc" time="6.630"/>
</testsuite> <!-- org.wipro.automation.fb.testcases.LoginTestScenario -->
