<?xml version="1.0" encoding="UTF-8"?>
<!-- Generated by org.testng.reporters.JUnitReportReporter -->
<testsuite hostname="DESKTOP-DJ4FDME" failures="0" tests="1" name="org.xyz.automation.uo.BrowserControl" time="11.836" errors="0" timestamp="2023-10-21T06:35:22 IST" skipped="0">
  <testcase classname="org.xyz.automation.uo.BrowserControl" name="launchBrowser" time="11.836"/>
</testsuite> <!-- org.xyz.automation.uo.BrowserControl -->
