<?xml version="1.0" encoding="UTF-8"?>
<!-- Generated by org.testng.reporters.JUnitReportReporter -->
<testsuite hostname="DESKTOP-DJ4FDME" failures="0" tests="1" name="learnTestNG.TestScenario7" time="0.001" errors="0" timestamp="2023-10-14T06:28:16 IST" skipped="0">
  <testcase classname="learnTestNG.TestScenario7" name="second_testcase" time="0.001"/>
</testsuite> <!-- learnTestNG.TestScenario7 -->
