<?xml version="1.0" encoding="UTF-8"?>
<!-- Generated by org.testng.reporters.JUnitReportReporter -->
<testsuite hostname="DESKTOP-DJ4FDME" failures="0" tests="1" name="learnTestNG.TestScenario8" time="0.002" errors="0" timestamp="2023-10-14T06:28:30 IST" skipped="0">
  <testcase classname="learnTestNG.TestScenario8" name="sixth_testcase" time="0.002"/>
</testsuite> <!-- learnTestNG.TestScenario8 -->
