<?xml version="1.0" encoding="UTF-8"?>
<!-- Generated by org.testng.reporters.JUnitReportReporter -->
<testsuite hostname="DESKTOP-DJ4FDME" failures="0" tests="1" name="org.wipro.automation.fb.testcases.SignupScenario" time="7.499" errors="0" timestamp="2023-10-31T06:37:38 IST" skipped="0">
  <testcase classname="org.wipro.automation.fb.testcases.SignupScenario" name="signupFunc" time="7.499"/>
</testsuite> <!-- org.wipro.automation.fb.testcases.SignupScenario -->
