<?xml version="1.0" encoding="UTF-8"?>
<!-- Generated by org.testng.reporters.JUnitReportReporter -->
<testsuite hostname="DESKTOP-DJ4FDME" failures="0" tests="3" name="org.wipro.automation.fb.testcases.LoginTestScenario_DDF" time="17.692" errors="0" timestamp="2023-10-31T06:47:36 IST" skipped="0">
  <testcase classname="org.wipro.automation.fb.testcases.LoginTestScenario_DDF" name="loginFunc" time="7.335"/>
  <testcase classname="org.wipro.automation.fb.testcases.LoginTestScenario_DDF" name="loginFunc" time="5.221"/>
  <testcase classname="org.wipro.automation.fb.testcases.LoginTestScenario_DDF" name="loginFunc" time="5.136"/>
</testsuite> <!-- org.wipro.automation.fb.testcases.LoginTestScenario_DDF -->
