<?xml version="1.0" encoding="UTF-8"?>
<!-- Generated by org.testng.reporters.JUnitReportReporter -->
<testsuite hostname="DESKTOP-DJ4FDME" failures="0" tests="2" name="org.xyz.automation.uo.FirstAutomation" time="8.708" errors="0" timestamp="2023-10-21T06:20:15 IST" skipped="1">
  <testcase classname="org.xyz.automation.uo.FirstAutomation" name="signupfunc" time="8.708"/>
  <testcase classname="org.xyz.automation.uo.FirstAutomation" name="loginfunc">
    <skipped/>
  </testcase> <!-- loginfunc -->
</testsuite> <!-- org.xyz.automation.uo.FirstAutomation -->
