<?xml version="1.0" encoding="UTF-8"?>
<!-- Generated by org.testng.reporters.JUnitReportReporter -->
<testsuite hostname="DESKTOP-DJ4FDME" failures="0" tests="1" name="org.xyz.automation.uo.FetchDataRunTime" time="7.021" errors="0" timestamp="2023-10-20T06:51:56 IST" skipped="0">
  <testcase classname="org.xyz.automation.uo.FetchDataRunTime" name="loginfunc" time="7.021"/>
</testsuite> <!-- org.xyz.automation.uo.FetchDataRunTime -->
